0 info it worked if it ends with ok
1 verbose cli [ 'C:\\Program Files\\nodejs\\node.exe',
1 verbose cli   'C:\\Program Files\\nodejs\\node_modules\\npm\\bin\\npm-cli.js',
1 verbose cli   'run-script',
1 verbose cli   'start' ]
2 info using npm@3.10.10
3 info using node@v6.11.2
4 verbose run-script [ 'prestart', 'start', 'poststart' ]
5 info lifecycle Data_Harvester@1.0.0~prestart: Data_Harvester@1.0.0
6 silly lifecycle Data_Harvester@1.0.0~prestart: no script for prestart, continuing
7 info lifecycle Data_Harvester@1.0.0~start: Data_Harvester@1.0.0
8 verbose lifecycle Data_Harvester@1.0.0~start: unsafe-perm in lifecycle true
9 verbose lifecycle Data_Harvester@1.0.0~start: PATH: C:\Program Files\nodejs\node_modules\npm\bin\node-gyp-bin;C:\Users\Jonathan Chang\Documents\NetBeansProjects\Data Harvester\node_modules\.bin;C:\ProgramData\Oracle\Java\javapath;C:\Program Files\ImageMagick-6.9.3-Q16;C:\Program Files (x86)\Intel\iCLS Client\;C:\Program Files\Intel\iCLS Client\;C:\Windows\system32;C:\Windows;C:\Windows\System32\Wbem;C:\Windows\System32\WindowsPowerShell\v1.0\;C:\Program Files (x86)\NVIDIA Corporation\PhysX\Common;C:\WINDOWS\system32;C:\WINDOWS;C:\WINDOWS\System32\Wbem;C:\WINDOWS\System32\WindowsPowerShell\v1.0\;C:\Program Files (x86)\Intel\Intel(R) Management Engine Components\DAL;C:\Program Files\Intel\Intel(R) Management Engine Components\DAL;C:\Program Files (x86)\Intel\Intel(R) Management Engine Components\IPT;C:\Program Files\Intel\Intel(R) Management Engine Components\IPT;C:\Program Files\Intel\WiFi\bin\;C:\Program Files\Common Files\Intel\WirelessCommon\;C:\Program Files\nodejs\;C:\Program Files\Git\cmd;C:\Program Files\Java\jdk1.8.0_144\bin;C:\Program Files\Java\apache-maven-3.3.9\bin;C:\Program Files\Mongodb\Server\3.2\bin;C:\Users\Jonathan Chang\AppData\Local\Microsoft\WindowsApps;C:\Program Files\Intel\WiFi\bin\;C:\Program Files\Common Files\Intel\WirelessCommon\;C:\Users\Jonathan Chang\AppData\Roaming\npm;C:\Program Files\Heroku\bin
10 verbose lifecycle Data_Harvester@1.0.0~start: CWD: C:\Users\Jonathan Chang\Documents\NetBeansProjects\Data Harvester
11 silly lifecycle Data_Harvester@1.0.0~start: Args: [ '/d /s /c', 'node idealSQL.js' ]
12 silly lifecycle Data_Harvester@1.0.0~start: Returned: code: 1  signal: null
13 info lifecycle Data_Harvester@1.0.0~start: Failed to exec start script
14 verbose stack Error: Data_Harvester@1.0.0 start: `node idealSQL.js`
14 verbose stack Exit status 1
14 verbose stack     at EventEmitter.<anonymous> (C:\Program Files\nodejs\node_modules\npm\lib\utils\lifecycle.js:255:16)
14 verbose stack     at emitTwo (events.js:106:13)
14 verbose stack     at EventEmitter.emit (events.js:191:7)
14 verbose stack     at ChildProcess.<anonymous> (C:\Program Files\nodejs\node_modules\npm\lib\utils\spawn.js:40:14)
14 verbose stack     at emitTwo (events.js:106:13)
14 verbose stack     at ChildProcess.emit (events.js:191:7)
14 verbose stack     at maybeClose (internal/child_process.js:891:16)
14 verbose stack     at Process.ChildProcess._handle.onexit (internal/child_process.js:226:5)
15 verbose pkgid Data_Harvester@1.0.0
16 verbose cwd C:\Users\Jonathan Chang\Documents\NetBeansProjects\Data Harvester
17 error Windows_NT 10.0.15063
18 error argv "C:\\Program Files\\nodejs\\node.exe" "C:\\Program Files\\nodejs\\node_modules\\npm\\bin\\npm-cli.js" "run-script" "start"
19 error node v6.11.2
20 error npm  v3.10.10
21 error code ELIFECYCLE
22 error Data_Harvester@1.0.0 start: `node idealSQL.js`
22 error Exit status 1
23 error Failed at the Data_Harvester@1.0.0 start script 'node idealSQL.js'.
23 error Make sure you have the latest version of node.js and npm installed.
23 error If you do, this is most likely a problem with the Data_Harvester package,
23 error not with npm itself.
23 error Tell the author that this fails on your system:
23 error     node idealSQL.js
23 error You can get information on how to open an issue for this project with:
23 error     npm bugs Data_Harvester
23 error Or if that isn't available, you can get their info via:
23 error     npm owner ls Data_Harvester
23 error There is likely additional logging output above.
24 verbose exit [ 1, true ]
